{"/Users/adeikun/Projects/fed-dashboard/projects/private/mgc/packages/cli/src/logic.ts": {"path":"/Users/adeikun/Projects/fed-dashboard/projects/private/mgc/packages/cli/src/logic.ts","statementMap":{"0":{"start":{"line":3,"column":0},"end":{"line":3,"column":50}},"1":{"start":{"line":4,"column":0},"end":{"line":4,"column":25}},"2":{"start":{"line":5,"column":0},"end":{"line":5,"column":40}},"3":{"start":{"line":6,"column":0},"end":{"line":6,"column":32}},"4":{"start":{"line":7,"column":0},"end":{"line":7,"column":40}},"5":{"start":{"line":10,"column":93},"end":{"line":10,"column":106}},"6":{"start":{"line":11,"column":23},"end":{"line":11,"column":72}},"7":{"start":{"line":13,"column":2},"end":{"line":39,"column":null}},"8":{"start":{"line":14,"column":4},"end":{"line":18,"column":7}},"9":{"start":{"line":19,"column":9},"end":{"line":39,"column":null}},"10":{"start":{"line":20,"column":4},"end":{"line":24,"column":7}},"11":{"start":{"line":25,"column":9},"end":{"line":39,"column":null}},"12":{"start":{"line":26,"column":24},"end":{"line":32,"column":6}},"13":{"start":{"line":34,"column":4},"end":{"line":34,"column":29}},"14":{"start":{"line":35,"column":4},"end":{"line":35,"column":23}},"15":{"start":{"line":38,"column":4},"end":{"line":38,"column":33}},"16":{"start":{"line":9,"column":0},"end":{"line":9,"column":30}}},"fnMap":{"0":{"name":"init","decl":{"start":{"line":9,"column":30},"end":{"line":9,"column":34}},"loc":{"start":{"line":9,"column":47},"end":{"line":40,"column":null}}}},"branchMap":{"0":{"loc":{"start":{"line":10,"column":10},"end":{"line":10,"column":29}},"type":"default-arg","locations":[{"start":{"line":10,"column":26},"end":{"line":10,"column":29}}]},"1":{"loc":{"start":{"line":13,"column":2},"end":{"line":39,"column":null}},"type":"if","locations":[{"start":{"line":13,"column":2},"end":{"line":39,"column":null}},{"start":{"line":19,"column":9},"end":{"line":39,"column":null}}]},"2":{"loc":{"start":{"line":19,"column":9},"end":{"line":39,"column":null}},"type":"if","locations":[{"start":{"line":19,"column":9},"end":{"line":39,"column":null}},{"start":{"line":25,"column":9},"end":{"line":39,"column":null}}]},"3":{"loc":{"start":{"line":25,"column":9},"end":{"line":39,"column":null}},"type":"if","locations":[{"start":{"line":25,"column":9},"end":{"line":39,"column":null}},{"start":{"line":36,"column":9},"end":{"line":39,"column":null}}]}},"s":{"0":1,"1":1,"2":1,"3":1,"4":1,"5":4,"6":4,"7":4,"8":1,"9":3,"10":1,"11":2,"12":1,"13":1,"14":1,"15":1,"16":1},"f":{"0":4},"b":{"0":[4],"1":[1,3],"2":[1,2],"3":[1,1]}}
,"/Users/adeikun/Projects/fed-dashboard/projects/private/mgc/packages/cli/src/configs/options.ts": {"path":"/Users/adeikun/Projects/fed-dashboard/projects/private/mgc/packages/cli/src/configs/options.ts","statementMap":{"0":{"start":{"line":1,"column":13},"end":{"line":7,"column":2}}},"fnMap":{},"branchMap":{},"s":{"0":1},"f":{},"b":{}}
,"/Users/adeikun/Projects/fed-dashboard/projects/private/mgc/packages/cli/src/helpers/getCommandsCli.ts": {"path":"/Users/adeikun/Projects/fed-dashboard/projects/private/mgc/packages/cli/src/helpers/getCommandsCli.ts","statementMap":{"0":{"start":{"line":2,"column":23},"end":{"line":2,"column":50}},"1":{"start":{"line":2,"column":29},"end":{"line":2,"column":50}},"2":{"start":{"line":3,"column":0},"end":{"line":3,"column":30}}},"fnMap":{"0":{"name":"(anonymous_0)","decl":{"start":{"line":2,"column":23},"end":{"line":2,"column":26}},"loc":{"start":{"line":2,"column":29},"end":{"line":2,"column":50}}}},"branchMap":{},"s":{"0":1,"1":4,"2":1},"f":{"0":4},"b":{}}
,"/Users/adeikun/Projects/fed-dashboard/projects/private/mgc/packages/cli/src/helpers/getFilePathRelativeToCli.ts": {"path":"/Users/adeikun/Projects/fed-dashboard/projects/private/mgc/packages/cli/src/helpers/getFilePathRelativeToCli.ts","statementMap":{"0":{"start":{"line":1,"column":33},"end":{"line":1,"column":77}},"1":{"start":{"line":1,"column":51},"end":{"line":1,"column":77}},"2":{"start":{"line":2,"column":0},"end":{"line":2,"column":40}}},"fnMap":{"0":{"name":"(anonymous_0)","decl":{"start":{"line":1,"column":33},"end":{"line":1,"column":34}},"loc":{"start":{"line":1,"column":51},"end":{"line":1,"column":77}}}},"branchMap":{},"s":{"0":1,"1":12,"2":1},"f":{"0":12},"b":{}}
,"/Users/adeikun/Projects/fed-dashboard/projects/private/mgc/packages/cli/src/helpers/log.ts": {"path":"/Users/adeikun/Projects/fed-dashboard/projects/private/mgc/packages/cli/src/helpers/log.ts","statementMap":{"0":{"start":{"line":1,"column":0},"end":{"line":1,"column":36}},"1":{"start":{"line":3,"column":12},"end":{"line":3,"column":88}},"2":{"start":{"line":3,"column":35},"end":{"line":3,"column":88}},"3":{"start":{"line":3,"column":53},"end":{"line":3,"column":88}},"4":{"start":{"line":4,"column":0},"end":{"line":4,"column":19}}},"fnMap":{"0":{"name":"(anonymous_0)","decl":{"start":{"line":3,"column":12},"end":{"line":3,"column":13}},"loc":{"start":{"line":3,"column":35},"end":{"line":3,"column":88}}},"1":{"name":"(anonymous_1)","decl":{"start":{"line":3,"column":35},"end":{"line":3,"column":36}},"loc":{"start":{"line":3,"column":53},"end":{"line":3,"column":88}}}},"branchMap":{},"s":{"0":1,"1":1,"2":3,"3":0,"4":1},"f":{"0":3,"1":0},"b":{}}
,"/Users/adeikun/Projects/fed-dashboard/projects/private/mgc/packages/cli/src/yargs/parseCli.ts": {"path":"/Users/adeikun/Projects/fed-dashboard/projects/private/mgc/packages/cli/src/yargs/parseCli.ts","statementMap":{"0":{"start":{"line":1,"column":0},"end":{"line":1,"column":32}},"1":{"start":{"line":2,"column":0},"end":{"line":2,"column":55}},"2":{"start":{"line":3,"column":0},"end":{"line":3,"column":71}},"3":{"start":{"line":10,"column":0},"end":{"line":25,"column":2}},"4":{"start":{"line":11,"column":15},"end":{"line":11,"column":63}},"5":{"start":{"line":12,"column":24},"end":{"line":12,"column":33}},"6":{"start":{"line":14,"column":23},"end":{"line":14,"column":56}},"7":{"start":{"line":15,"column":20},"end":{"line":15,"column":50}},"8":{"start":{"line":16,"column":27},"end":{"line":16,"column":57}},"9":{"start":{"line":18,"column":2},"end":{"line":24,"column":4}}},"fnMap":{"0":{"name":"(anonymous_1)","decl":{"start":{"line":10,"column":15},"end":{"line":10,"column":16}},"loc":{"start":{"line":10,"column":33},"end":{"line":25,"column":1}}}},"branchMap":{},"s":{"0":1,"1":1,"2":1,"3":1,"4":4,"5":4,"6":4,"7":4,"8":4,"9":4},"f":{"0":4},"b":{}}
}
