TN:
SF:src/logic.ts
FN:9,init
FNF:1
FNH:1
FNDA:4,init
DA:3,1
DA:4,1
DA:5,1
DA:6,1
DA:7,1
DA:9,1
DA:10,4
DA:11,4
DA:13,4
DA:14,1
DA:19,3
DA:20,1
DA:25,2
DA:26,1
DA:34,1
DA:35,1
DA:38,1
LF:17
LH:17
BRDA:10,0,0,4
BRDA:13,1,0,1
BRDA:13,1,1,3
BRDA:19,2,0,1
BRDA:19,2,1,2
BRDA:25,3,0,1
BRDA:25,3,1,1
BRF:7
BRH:7
end_of_record
TN:
SF:src/configs/options.ts
FNF:0
FNH:0
DA:1,1
LF:1
LH:1
BRF:0
BRH:0
end_of_record
TN:
SF:src/helpers/getCommandsCli.ts
FN:2,(anonymous_0)
FNF:1
FNH:1
FNDA:4,(anonymous_0)
DA:2,4
DA:3,1
LF:2
LH:2
BRF:0
BRH:0
end_of_record
TN:
SF:src/helpers/getFilePathRelativeToCli.ts
FN:1,(anonymous_0)
FNF:1
FNH:1
FNDA:12,(anonymous_0)
DA:1,12
DA:2,1
LF:2
LH:2
BRF:0
BRH:0
end_of_record
TN:
SF:src/helpers/log.ts
FN:3,(anonymous_0)
FN:3,(anonymous_1)
FNF:2
FNH:1
FNDA:3,(anonymous_0)
FNDA:0,(anonymous_1)
DA:1,1
DA:3,3
DA:4,1
LF:3
LH:3
BRF:0
BRH:0
end_of_record
TN:
SF:src/yargs/parseCli.ts
FN:10,(anonymous_1)
FNF:1
FNH:1
FNDA:4,(anonymous_1)
DA:1,1
DA:2,1
DA:3,1
DA:10,1
DA:11,4
DA:12,4
DA:14,4
DA:15,4
DA:16,4
DA:18,4
LF:10
LH:10
BRF:0
BRH:0
end_of_record
